<?xml version="1.0" encoding="UTF-8"?>
<coverage generated="1575605252519" clover="3.2.0">
  <project timestamp="1575605252520" name="All files">
    <metrics statements="15" coveredstatements="3" conditionals="0" coveredconditionals="0" methods="2" coveredmethods="1" elements="17" coveredelements="4" complexity="0" loc="15" ncloc="15" packages="2" files="2" classes="2"/>
    <package name="src">
      <metrics statements="12" coveredstatements="0" conditionals="0" coveredconditionals="0" methods="1" coveredmethods="0"/>
      <file name="server.js" path="C:\Users\Игорь\Documents\GitHub\reactjs-films-homework\src\server.js">
        <metrics statements="12" coveredstatements="0" conditionals="0" coveredconditionals="0" methods="1" coveredmethods="0"/>
        <line num="2" count="0" type="stmt"/>
        <line num="3" count="0" type="stmt"/>
        <line num="4" count="0" type="stmt"/>
        <line num="5" count="0" type="stmt"/>
        <line num="6" count="0" type="stmt"/>
        <line num="9" count="0" type="stmt"/>
        <line num="12" count="0" type="stmt"/>
        <line num="13" count="0" type="stmt"/>
        <line num="14" count="0" type="stmt"/>
        <line num="16" count="0" type="stmt"/>
        <line num="17" count="0" type="stmt"/>
        <line num="20" count="0" type="stmt"/>
      </file>
    </package>
    <package name="src.components">
      <metrics statements="3" coveredstatements="3" conditionals="0" coveredconditionals="0" methods="1" coveredmethods="1"/>
      <file name="Signature.jsx" path="C:\Users\Игорь\Documents\GitHub\reactjs-films-homework\src\components\Signature.jsx">
        <metrics statements="3" coveredstatements="3" conditionals="0" coveredconditionals="0" methods="1" coveredmethods="1"/>
        <line num="6" count="1" type="stmt"/>
        <line num="13" count="1" type="stmt"/>
        <line num="17" count="1" type="stmt"/>
      </file>
    </package>
  </project>
</coverage>
