{"C:\\Users\\Игорь\\Documents\\GitHub\\reactjs-films-homework\\src\\components\\Signature.jsx": {"path":"C:\\Users\\Игорь\\Documents\\GitHub\\reactjs-films-homework\\src\\components\\Signature.jsx","statementMap":{"0":{"start":{"line":6,"column":2},"end":{"line":10,"column":4}},"1":{"start":{"line":13,"column":0},"end":{"line":15,"column":2}},"2":{"start":{"line":17,"column":0},"end":{"line":19,"column":2}}},"fnMap":{"0":{"name":"Signature","decl":{"start":{"line":5,"column":9},"end":{"line":5,"column":18}},"loc":{"start":{"line":5,"column":29},"end":{"line":11,"column":1}},"line":5}},"branchMap":{},"s":{"0":1,"1":1,"2":1},"f":{"0":1},"b":{},"_coverageSchema":"43e27e138ebf9cfc5966b082cf9a028302ed4184","hash":"416d65d5c73acfce3b4e338fa8b95109ac069346"}
,"C:\\Users\\Игорь\\Documents\\GitHub\\reactjs-films-homework\\src\\components\\TestComponent.jsx": {"path":"C:\\Users\\Игорь\\Documents\\GitHub\\reactjs-films-homework\\src\\components\\TestComponent.jsx","statementMap":{"0":{"start":{"line":6,"column":2},"end":{"line":32,"column":4}},"1":{"start":{"line":35,"column":0},"end":{"line":39,"column":2}},"2":{"start":{"line":41,"column":0},"end":{"line":45,"column":2}}},"fnMap":{"0":{"name":"TestComponent","decl":{"start":{"line":5,"column":9},"end":{"line":5,"column":22}},"loc":{"start":{"line":5,"column":36},"end":{"line":33,"column":1}},"line":5}},"branchMap":{},"s":{"0":1,"1":1,"2":1},"f":{"0":1},"b":{},"_coverageSchema":"43e27e138ebf9cfc5966b082cf9a028302ed4184","hash":"0fb0e8b442bb3c97aa5b94f509146fa6a2287d7f"}
}
