{"C:\\Users\\Игорь\\Documents\\GitHub\\reactjs-films-homework\\src\\components\\Signature.jsx": {"path":"C:\\Users\\Игорь\\Documents\\GitHub\\reactjs-films-homework\\src\\components\\Signature.jsx","statementMap":{"0":{"start":{"line":6,"column":2},"end":{"line":10,"column":4}},"1":{"start":{"line":13,"column":0},"end":{"line":15,"column":2}},"2":{"start":{"line":17,"column":0},"end":{"line":19,"column":2}}},"fnMap":{"0":{"name":"Signature","decl":{"start":{"line":5,"column":9},"end":{"line":5,"column":18}},"loc":{"start":{"line":5,"column":29},"end":{"line":11,"column":1}},"line":5}},"branchMap":{},"s":{"0":1,"1":1,"2":1},"f":{"0":1},"b":{},"_coverageSchema":"43e27e138ebf9cfc5966b082cf9a028302ed4184","hash":"416d65d5c73acfce3b4e338fa8b95109ac069346"}
,"C:\\Users\\Игорь\\Documents\\GitHub\\reactjs-films-homework\\src\\components\\TestComponent.jsx": {"path":"C:\\Users\\Игорь\\Documents\\GitHub\\reactjs-films-homework\\src\\components\\TestComponent.jsx","statementMap":{"0":{"start":{"line":7,"column":2},"end":{"line":33,"column":4}},"1":{"start":{"line":36,"column":0},"end":{"line":40,"column":2}},"2":{"start":{"line":42,"column":0},"end":{"line":46,"column":2}}},"fnMap":{"0":{"name":"TestComponent","decl":{"start":{"line":6,"column":9},"end":{"line":6,"column":22}},"loc":{"start":{"line":6,"column":36},"end":{"line":34,"column":1}},"line":6}},"branchMap":{},"s":{"0":1,"1":1,"2":1},"f":{"0":1},"b":{},"_coverageSchema":"43e27e138ebf9cfc5966b082cf9a028302ed4184","hash":"3276273cf3f5f3788a6893c35907074dc4421b0f"}
}
